<?xml version="1.0" encoding="UTF-8"?>
<testng-results skipped="0" failed="0" ignored="0" total="3" passed="3">
  <reporter-output>
  </reporter-output>
  <suite name="Default suite" duration-ms="35298" started-at="2018-03-25T16:12:55Z" finished-at="2018-03-25T16:13:31Z">
    <groups>
    </groups>
    <test name="Default test" duration-ms="35298" started-at="2018-03-25T16:12:55Z" finished-at="2018-03-25T16:13:31Z">
      <class name="TestCases.HomePageTest">
        <test-method status="PASS" signature="setup()[pri:0, instance:TestCases.HomePageTest@1fc5af1]" name="setup" is-config="true" duration-ms="21688" started-at="2018-03-25T21:42:55Z" finished-at="2018-03-25T21:43:17Z">
          <reporter-output>
          </reporter-output>
        </test-method> <!-- setup -->
        <test-method status="PASS" signature="performSearch(java.lang.String)[pri:0, instance:TestCases.HomePageTest@1fc5af1]" name="performSearch" duration-ms="3083" started-at="2018-03-25T21:43:18Z" data-provider="SearchTestData" finished-at="2018-03-25T21:43:21Z">
          <params>
            <param index="0">
              <value>
                <![CDATA[Fortis]]>
              </value>
            </param>
          </params>
          <reporter-output>
          </reporter-output>
        </test-method> <!-- performSearch -->
        <test-method status="PASS" signature="performSearch(java.lang.String)[pri:0, instance:TestCases.HomePageTest@1fc5af1]" name="performSearch" duration-ms="7151" started-at="2018-03-25T21:43:21Z" data-provider="SearchTestData" finished-at="2018-03-25T21:43:28Z">
          <params>
            <param index="0">
              <value>
                <![CDATA[ati]]>
              </value>
            </param>
          </params>
          <reporter-output>
          </reporter-output>
        </test-method> <!-- performSearch -->
        <test-method status="PASS" signature="performSearch(java.lang.String)[pri:0, instance:TestCases.HomePageTest@1fc5af1]" name="performSearch" duration-ms="2666" started-at="2018-03-25T21:43:28Z" data-provider="SearchTestData" finished-at="2018-03-25T21:43:31Z">
          <params>
            <param index="0">
              <value>
                <![CDATA[Ash]]>
              </value>
            </param>
          </params>
          <reporter-output>
          </reporter-output>
        </test-method> <!-- performSearch -->
      </class> <!-- TestCases.HomePageTest -->
    </test> <!-- Default test -->
  </suite> <!-- Default suite -->
</testng-results>
