<?xml version="1.0" encoding="UTF-8"?>
<testng-results skipped="0" failed="0" ignored="0" total="1" passed="1">
  <reporter-output>
  </reporter-output>
  <suite name="Default suite" duration-ms="72187" started-at="2018-04-04T04:31:51Z" finished-at="2018-04-04T04:33:03Z">
    <groups>
    </groups>
    <test name="Default test" duration-ms="72187" started-at="2018-04-04T04:31:51Z" finished-at="2018-04-04T04:33:03Z">
      <class name="TestCases.HomePageTest">
        <test-method status="PASS" signature="setup()[pri:0, instance:TestCases.HomePageTest@1832929]" name="setup" is-config="true" duration-ms="26620" started-at="2018-04-04T10:01:51Z" finished-at="2018-04-04T10:02:17Z">
          <reporter-output>
          </reporter-output>
        </test-method> <!-- setup -->
        <test-method status="PASS" signature="performSearch(java.lang.String)[pri:0, instance:TestCases.HomePageTest@1832929]" name="performSearch" duration-ms="43530" started-at="2018-04-04T10:02:19Z" data-provider="SearchTestData" finished-at="2018-04-04T10:03:03Z">
          <params>
            <param index="0">
              <value>
                <![CDATA[Gary Abbott]]>
              </value>
            </param>
          </params>
          <reporter-output>
          </reporter-output>
        </test-method> <!-- performSearch -->
      </class> <!-- TestCases.HomePageTest -->
    </test> <!-- Default test -->
  </suite> <!-- Default suite -->
</testng-results>
