<?xml version="1.0" encoding="UTF-8"?>
<!-- Generated by org.testng.reporters.JUnitXMLReporter -->
<testsuite hostname="Atish" ignored="0" name="Default test" tests="3" failures="0" timestamp="25 Mar 2018 16:13:31 GMT" time="35.298" errors="0">
  <testcase name="performSearch" time="3.083" classname="TestCases.HomePageTest"/>
  <testcase name="performSearch" time="7.151" classname="TestCases.HomePageTest"/>
  <testcase name="performSearch" time="2.666" classname="TestCases.HomePageTest"/>
</testsuite> <!-- Default test -->
