<?xml version="1.0" encoding="UTF-8"?>
<!-- Generated by org.testng.reporters.JUnitXMLReporter -->
<testsuite hostname="Atish" ignored="0" name="Test" tests="11" failures="0" timestamp="08 Apr 2018 13:56:59 GMT" time="706.428" errors="0">
  <testcase name="performSearch" time="40.026" classname="TestCases.HomePageTest"/>
  <testcase name="performSearch" time="39.452" classname="TestCases.HomePageTest"/>
  <testcase name="performSearch" time="34.846" classname="TestCases.HomePageTest"/>
  <testcase name="performSearch" time="35.631" classname="TestCases.HomePageTest"/>
  <testcase name="performSearch" time="40.656" classname="TestCases.HomePageTest"/>
  <testcase name="performSearch" time="48.202" classname="TestCases.HomePageTest">
    <skipped/>
  </testcase> <!-- performSearch -->
  <testcase name="performSearch" time="39.513" classname="TestCases.HomePageTest"/>
  <testcase name="performSearch" time="39.276" classname="TestCases.HomePageTest">
    <skipped/>
  </testcase> <!-- performSearch -->
  <testcase name="performSearch" time="31.61" classname="TestCases.HomePageTest"/>
  <testcase name="performSearch" time="39.391" classname="TestCases.HomePageTest"/>
  <testcase name="performSearch" time="35.176" classname="TestCases.HomePageTest"/>
</testsuite> <!-- Test -->
